2017-02-28 11:16:53,811 INFO  [org.jboss.modules] (main) JBoss Modules version 1.5.2.Final
2017-02-28 11:16:57,132 INFO  [org.jboss.msc] (main) JBoss MSC version 1.2.6.Final
2017-02-28 11:16:57,307 INFO  [org.jboss.as] (MSC service thread 1-7) WFLYSRV0049: WildFly Full 10.1.0.Final (WildFly Core 2.2.0.Final) starting
2017-02-28 11:16:57,310 DEBUG [org.jboss.as.config] (MSC service thread 1-7) Configured system properties:
	awt.toolkit = sun.awt.windows.WToolkit
	file.encoding = Cp1252
	file.encoding.pkg = sun.io
	file.separator = \
	java.awt.graphicsenv = sun.awt.Win32GraphicsEnvironment
	java.awt.headless = true
	java.awt.printerjob = sun.awt.windows.WPrinterJob
	java.class.path = C:\Projeto\PAP-Project\wildfly-10.1.0.Final\jboss-modules.jar
	java.class.version = 52.0
	java.endorsed.dirs = C:\Program Files\Java\jdk1.8.0_111\jre\lib\endorsed
	java.ext.dirs = C:\Program Files\Java\jdk1.8.0_111\jre\lib\ext;C:\WINDOWS\Sun\Java\lib\ext
	java.home = C:\Program Files\Java\jdk1.8.0_111\jre
	java.io.tmpdir = C:\Users\geova\AppData\Local\Temp\
	java.library.path = C:\Program Files\Java\jdk1.8.0_111\bin;C:\WINDOWS\Sun\Java\bin;C:\WINDOWS\system32;C:\WINDOWS;C:\Program Files\Java\jdk1.8.0_111\jre\bin;native;C:/Program Files/Java/jre1.8.0_111/bin/server;C:/Program Files/Java/jre1.8.0_111/bin;C:/Program Files/Java/jre1.8.0_111/lib/amd64;C:\ProgramData\Oracle\Java\javapath;C:\WINDOWS\system32;C:\WINDOWS;C:\WINDOWS\System32\Wbem;C:\WINDOWS\System32\WindowsPowerShell\v1.0\;C:\Program Files (x86)\Skype\Phone\;C:\Program Files (x86)\Brackets\command;C:\Program Files\MySQL\MySQL Utilities 1.6\;C:\Program Files (x86)\Windows Kits\8.1\Windows Performance Toolkit\;C:\Program Files\Microsoft SQL Server\110\Tools\Binn\;C:\Program Files\Microsoft SQL Server\110\DTS\Binn\;C:\Program Files (x86)\Microsoft SQL Server\110\Tools\Binn\;C:\Program Files (x86)\Microsoft SQL Server\110\Tools\Binn\ManagementStudio\;C:\Program Files (x86)\Microsoft Visual Studio 10.0\Common7\IDE\PrivateAssemblies\;C:\Program Files (x86)\Microsoft SQL Server\110\DTS\Binn\;C:\Program Files\TortoiseGit\bin;C:\Program Files\nodejs\;C:\Users\geova\AppData\Local\Microsoft\WindowsApps;C:\Program Files (x86)\Microsoft VS Code\bin;C:\Users\geova\AppData\Roaming\npm;C:\Users\geova\jee-neon2\eclipse;;.
	java.net.preferIPv4Stack = true
	java.runtime.name = Java(TM) SE Runtime Environment
	java.runtime.version = 1.8.0_111-b14
	java.specification.name = Java Platform API Specification
	java.specification.vendor = Oracle Corporation
	java.specification.version = 1.8
	java.util.logging.manager = org.jboss.logmanager.LogManager
	java.vendor = Oracle Corporation
	java.vendor.url = http://java.oracle.com/
	java.vendor.url.bug = http://bugreport.sun.com/bugreport/
	java.version = 1.8.0_111
	java.vm.info = mixed mode
	java.vm.name = Java HotSpot(TM) 64-Bit Server VM
	java.vm.specification.name = Java Virtual Machine Specification
	java.vm.specification.vendor = Oracle Corporation
	java.vm.specification.version = 1.8
	java.vm.vendor = Oracle Corporation
	java.vm.version = 25.111-b14
	javax.management.builder.initial = org.jboss.as.jmx.PluggableMBeanServerBuilder
	javax.xml.datatype.DatatypeFactory = __redirected.__DatatypeFactory
	javax.xml.parsers.DocumentBuilderFactory = __redirected.__DocumentBuilderFactory
	javax.xml.parsers.SAXParserFactory = __redirected.__SAXParserFactory
	javax.xml.stream.XMLEventFactory = __redirected.__XMLEventFactory
	javax.xml.stream.XMLInputFactory = __redirected.__XMLInputFactory
	javax.xml.stream.XMLOutputFactory = __redirected.__XMLOutputFactory
	javax.xml.transform.TransformerFactory = __redirected.__TransformerFactory
	javax.xml.validation.SchemaFactory:http://www.w3.org/2001/XMLSchema = __redirected.__SchemaFactory
	javax.xml.xpath.XPathFactory:http://java.sun.com/jaxp/xpath/dom = __redirected.__XPathFactory
	jboss.bind.address = localhost
	jboss.bind.address.management = localhost
	jboss.home.dir = C:\Projeto\PAP-Project\wildfly-10.1.0.Final
	jboss.host.name = desktop-dickjrv
	jboss.modules.dir = C:\Projeto\PAP-Project\wildfly-10.1.0.Final\modules
	jboss.modules.system.pkgs = org.jboss.byteman
	jboss.node.name = desktop-dickjrv
	jboss.qualified.host.name = desktop-dickjrv
	jboss.server.base.dir = C:\Projeto\PAP-Project\wildfly-10.1.0.Final\standalone
	jboss.server.config.dir = C:\Projeto\PAP-Project\wildfly-10.1.0.Final\standalone\configuration
	jboss.server.data.dir = C:\Projeto\PAP-Project\wildfly-10.1.0.Final\standalone\data
	jboss.server.deploy.dir = C:\Projeto\PAP-Project\wildfly-10.1.0.Final\standalone\data\content
	jboss.server.log.dir = C:\Projeto\PAP-Project\wildfly-10.1.0.Final\standalone\log
	jboss.server.name = desktop-dickjrv
	jboss.server.persist.config = true
	jboss.server.temp.dir = C:\Projeto\PAP-Project\wildfly-10.1.0.Final\standalone\tmp
	line.separator = 

	logging.configuration = file:/C:/Projeto/PAP-Project/wildfly-10.1.0.Final/standalone/configuration/logging.properties
	module.path = C:/Projeto/PAP-Project/wildfly-10.1.0.Final/modules
	org.jboss.boot.log.file = C:/Projeto/PAP-Project/wildfly-10.1.0.Final/standalone/log/boot.log
	org.jboss.logmanager.nocolor = true
	org.jboss.resolver.warning = true
	org.xml.sax.driver = __redirected.__XMLReaderFactory
	os.arch = amd64
	os.name = Windows 10
	os.version = 10.0
	path.separator = ;
	program.name = JBossTools: WildFly 10.x
	sun.arch.data.model = 64
	sun.boot.class.path = C:\Program Files\Java\jdk1.8.0_111\jre\lib\resources.jar;C:\Program Files\Java\jdk1.8.0_111\jre\lib\rt.jar;C:\Program Files\Java\jdk1.8.0_111\jre\lib\sunrsasign.jar;C:\Program Files\Java\jdk1.8.0_111\jre\lib\jsse.jar;C:\Program Files\Java\jdk1.8.0_111\jre\lib\jce.jar;C:\Program Files\Java\jdk1.8.0_111\jre\lib\charsets.jar;C:\Program Files\Java\jdk1.8.0_111\jre\lib\jfr.jar;C:\Program Files\Java\jdk1.8.0_111\jre\classes
	sun.boot.library.path = C:\Program Files\Java\jdk1.8.0_111\jre\bin
	sun.cpu.endian = little
	sun.cpu.isalist = amd64
	sun.desktop = windows
	sun.io.unicode.encoding = UnicodeLittle
	sun.java.command = org.jboss.modules.Main -mp C:/Projeto/PAP-Project/wildfly-10.1.0.Final/modules org.jboss.as.standalone -b localhost --server-config=standalone.xml -Djboss.server.base.dir=C:\Projeto\PAP-Project\wildfly-10.1.0.Final\standalone
	sun.java.launcher = SUN_STANDARD
	sun.jnu.encoding = Cp1252
	sun.management.compiler = HotSpot 64-Bit Tiered Compilers
	sun.os.patch.level = 
	sun.rmi.dgc.client.gcInterval = 3600000
	sun.rmi.dgc.server.gcInterval = 3600000
	user.country = BR
	user.dir = C:\Projeto\PAP-Project\wildfly-10.1.0.Final\bin
	user.home = C:\Users\geova
	user.language = pt
	user.name = geova
	user.script = 
	user.timezone = America/Sao_Paulo
	user.variant = 
2017-02-28 11:16:57,311 DEBUG [org.jboss.as.config] (MSC service thread 1-7) VM Arguments: -agentlib:jdwp=transport=dt_socket,suspend=y,address=localhost:54954 -Dprogram.name=JBossTools: WildFly 10.x -Xms64m -Xmx512m -Dorg.jboss.resolver.warning=true -Djava.net.preferIPv4Stack=true -Dsun.rmi.dgc.client.gcInterval=3600000 -Dsun.rmi.dgc.server.gcInterval=3600000 -Djboss.modules.system.pkgs=org.jboss.byteman -Djava.awt.headless=true -Dorg.jboss.boot.log.file=C:/Projeto/PAP-Project/wildfly-10.1.0.Final/standalone/log/boot.log -Dlogging.configuration=file:/C:/Projeto/PAP-Project/wildfly-10.1.0.Final/standalone/configuration/logging.properties -Djboss.home.dir=C:/Projeto/PAP-Project/wildfly-10.1.0.Final -Dorg.jboss.logmanager.nocolor=true -Djboss.bind.address.management=localhost -Dfile.encoding=Cp1252 
2017-02-28 11:17:12,134 INFO  [org.jboss.as.server.deployment.scanner] (DeploymentScanner-threads - 1) WFLYDS0004: Found BoasPraticasServices.war in deployment directory. To trigger deployment create a file called BoasPraticasServices.war.dodeploy
2017-02-28 11:17:12,255 INFO  [org.jboss.as.server] (Controller Boot Thread) WFLYSRV0039: Creating http management service using socket-binding (management-http)
2017-02-28 11:17:12,372 INFO  [org.xnio] (MSC service thread 1-5) XNIO version 3.4.0.Final
2017-02-28 11:17:12,392 INFO  [org.xnio.nio] (MSC service thread 1-5) XNIO NIO Implementation Version 3.4.0.Final
